proguard/seeds.txt
com.fada.sellsteward.AboutActivity
com.fada.sellsteward.AboutActivity: AboutActivity()
com.fada.sellsteward.AboutActivity: void onClick(android.view.View)
com.fada.sellsteward.AutoActivity
com.fada.sellsteward.AutoActivity: AutoActivity()
com.fada.sellsteward.AutoActivity: void onClick(android.view.View)
com.fada.sellsteward.BaseActivity
com.fada.sellsteward.BaseActivity: BaseActivity()
com.fada.sellsteward.CustomerDetailActivity
com.fada.sellsteward.CustomerDetailActivity: CustomerDetailActivity()
com.fada.sellsteward.CustomerDetailActivity: void onClick(android.view.View)
com.fada.sellsteward.DetailInWaresActivity
com.fada.sellsteward.DetailInWaresActivity: DetailInWaresActivity()
com.fada.sellsteward.DetailInWaresActivity: void onClick(android.view.View)
com.fada.sellsteward.DetailInWaresActivity2
com.fada.sellsteward.DetailInWaresActivity2: void onClick(android.view.View)
com.fada.sellsteward.DetailInWaresSellActivity
com.fada.sellsteward.DetailInWaresSellActivity: DetailInWaresSellActivity()
com.fada.sellsteward.DetailInWaresSellActivity: void onClick(android.view.View)
com.fada.sellsteward.GoSellWaresActivity
com.fada.sellsteward.GoSellWaresActivity: GoSellWaresActivity()
com.fada.sellsteward.GoSellWaresActivity: void onClick(android.view.View)
com.fada.sellsteward.InputInWaresActivity
com.fada.sellsteward.InputInWaresActivity: InputInWaresActivity()
com.fada.sellsteward.InputInWaresActivity: void onClick(android.view.View)
com.fada.sellsteward.InputSellActivity
com.fada.sellsteward.InputSellActivity: InputSellActivity()
com.fada.sellsteward.InputSellActivity: void onClick(android.view.View)
com.fada.sellsteward.InputTextActivity
com.fada.sellsteward.InputTextActivity: InputTextActivity()
com.fada.sellsteward.InputTextActivity: void onClick(android.view.View)
com.fada.sellsteward.MainActivity
com.fada.sellsteward.MainActivity: MainActivity()
com.fada.sellsteward.MainActivity: void onClick(android.view.View)
com.fada.sellsteward.MoreActivity
com.fada.sellsteward.MoreActivity: MoreActivity()
com.fada.sellsteward.MoreActivity: void onClick(android.view.View)
com.fada.sellsteward.ProImageActivity
com.fada.sellsteward.ProImageActivity: ProImageActivity()
com.fada.sellsteward.R$anim
com.fada.sellsteward.R$anim: int bill_scan
com.fada.sellsteward.R$anim: int chooser_hide
com.fada.sellsteward.R$anim: int chooser_show
com.fada.sellsteward.R$anim: int detail_hide_tool_kit
com.fada.sellsteward.R$anim: int detail_tool_kit
com.fada.sellsteward.R$anim: int dialog_enter_anim
com.fada.sellsteward.R$anim: int dialog_exit_anim
com.fada.sellsteward.R$anim: int hide_setting_default_pop
com.fada.sellsteward.R$anim: int left_in
com.fada.sellsteward.R$anim: int left_out
com.fada.sellsteward.R$anim: int right_in
com.fada.sellsteward.R$anim: int right_out
com.fada.sellsteward.R$anim: int show_setting_default_pop
com.fada.sellsteward.R$anim: int stat_hide
com.fada.sellsteward.R$anim: int stat_show
com.fada.sellsteward.R$anim: int tally_bg_hide
com.fada.sellsteward.R$anim: int tally_bg_show
com.fada.sellsteward.R$anim: int tally_bill_hide
com.fada.sellsteward.R$anim: int tally_bill_show
com.fada.sellsteward.R$anim: int tally_camera_hide
com.fada.sellsteward.R$anim: int tally_camera_show
com.fada.sellsteward.R$anim: int tally_fast_hide
com.fada.sellsteward.R$anim: int tally_fast_show
com.fada.sellsteward.R$anim: int tally_main_hide
com.fada.sellsteward.R$anim: int tally_main_show
com.fada.sellsteward.R$anim: int tally_switch_off
com.fada.sellsteward.R$anim: int tally_switch_on
com.fada.sellsteward.R$anim: int tally_voice_hide
com.fada.sellsteward.R$anim: int tally_voice_show
com.fada.sellsteward.R$anim: int translate_left
...
com.umeng.analytics.a.c
com.umeng.analytics.a.c: com.umeng.analytics.a.a a
com.umeng.analytics.a.c: com.umeng.analytics.a.b b
com.umeng.analytics.a.c: c(com.umeng.analytics.a.b,com.umeng.analytics.a.a)
com.umeng.analytics.a.d
com.umeng.analytics.a.d: java.lang.String a
com.umeng.analytics.a.d: java.lang.String b
com.umeng.analytics.a.d: d()
com.umeng.analytics.a.d: d(java.lang.String)
com.umeng.analytics.a.d: d(java.lang.Throwable)
com.umeng.analytics.a.d: java.lang.String a(java.lang.Throwable)
com.umeng.analytics.a.d: boolean a()
com.umeng.analytics.a.d: void a(org.json.JSONObject)
com.umeng.analytics.a.d: void b(org.json.JSONObject)
com.umeng.analytics.a.e
com.umeng.analytics.a.e: java.lang.String a
com.umeng.analytics.a.e: java.lang.String b
com.umeng.analytics.a.e: int c
com.umeng.analytics.a.e: long d
com.umeng.analytics.a.e: java.lang.String k
com.umeng.analytics.a.e: java.lang.String l
com.umeng.analytics.a.e: java.lang.String m
com.umeng.analytics.a.e: java.lang.String n
com.umeng.analytics.a.e: e()
com.umeng.analytics.a.e: e(java.lang.String,java.lang.String,java.lang.String,int,long)
com.umeng.analytics.a.e: boolean a()
com.umeng.analytics.a.e: void a(org.json.JSONObject)
com.umeng.analytics.a.e: void b(org.json.JSONObject)
com.umeng.analytics.a.f
com.umeng.analytics.a.f: java.lang.String a
com.umeng.analytics.a.f: java.lang.String b
com.umeng.analytics.a.f: java.lang.String c
com.umeng.analytics.a.f: java.lang.String d
com.umeng.analytics.a.f: java.lang.String e
com.umeng.analytics.a.f: long f
com.umeng.analytics.a.f: java.lang.String g
com.umeng.analytics.a.f: java.lang.String h
com.umeng.analytics.a.f: java.lang.String i
com.umeng.analytics.a.f: java.lang.String j
com.umeng.analytics.a.f: java.lang.String k
com.umeng.analytics.a.f: java.lang.String l
com.umeng.analytics.a.f: java.lang.String m
com.umeng.analytics.a.f: java.lang.String n
com.umeng.analytics.a.f: java.lang.String o
com.umeng.analytics.a.f: long p
com.umeng.analytics.a.f: java.lang.String q
com.umeng.analytics.a.f: java.lang.String r
com.umeng.analytics.a.f: java.lang.String s
com.umeng.analytics.a.f: java.lang.String t
com.umeng.analytics.a.f: java.lang.String u
com.umeng.analytics.a.f: java.lang.String v
com.umeng.analytics.a.f: java.lang.String w
com.umeng.analytics.a.f: java.lang.String x
com.umeng.analytics.a.f: int y
com.umeng.analytics.a.f: java.lang.String z
com.umeng.analytics.a.f: java.lang.String A
com.umeng.analytics.a.f: java.lang.String B
com.umeng.analytics.a.f: java.lang.String C
com.umeng.analytics.a.f: java.lang.String D
com.umeng.analytics.a.f: java.lang.String E
com.umeng.analytics.a.f: java.lang.String F
com.umeng.analytics.a.f: java.lang.String G
com.umeng.analytics.a.f: java.lang.String H
com.umeng.analytics.a.g
com.umeng.analytics.a.g: void a(org.json.JSONObject)
com.umeng.analytics.a.g: void b(org.json.JSONObject)
com.umeng.analytics.a.g: boolean a()
com.umeng.analytics.a.h
com.umeng.analytics.a.h: com.umeng.analytics.a.o a
com.umeng.analytics.a.h: h()
com.umeng.analytics.a.h: h(android.content.Context,java.lang.String)
com.umeng.analytics.a.h: void a(com.umeng.analytics.a.o)
com.umeng.analytics.a.h: void c(org.json.JSONObject)
com.umeng.analytics.a.h: void d(org.json.JSONObject)
com.umeng.analytics.a.h: boolean a()
com.umeng.analytics.a.h: void a(org.json.JSONObject)
com.umeng.analytics.a.h: void b(org.json.JSONObject)
com.umeng.analytics.a.h: org.json.JSONObject b()