proguard/mapping.txt
com.fada.sellsteward.AboutActivity -> com.fada.sellsteward.AboutActivity:
    android.widget.TextView checkUpdate -> q
    android.widget.TextView tvAboutVersions -> r
    28:29:void setMyContentView() -> a
    33:44:void init() -> c
    48:50:void setListeners() -> b
    54:68:void onClick(android.view.View) -> onClick
    72:77:void getConfirmDialogOk(int) -> a
    81:91:void getDialogData(int,java.lang.String[]) -> a
    95:102:void onActivityResult(int,int,android.content.Intent) -> onActivityResult
    169:196:void refreshDataByMonth() -> d
com.fada.sellsteward.AboutActivity$1 -> com.fada.sellsteward.a:
    com.fada.sellsteward.AboutActivity this$0 -> a
    173:174:void onPreExecute() -> a
    180:188:void doInBackground() -> b
    192:194:void onPostExecute() -> c
com.fada.sellsteward.AutoActivity -> com.fada.sellsteward.AutoActivity:
    android.view.View vSina -> q
    android.view.View vTencent -> r
    android.widget.ImageView iv_sina -> s
    android.widget.ImageView iv_tencent -> t
    com.tencent.weibo.oauthv2.OAuthV2 oAuthV2 -> u
    java.lang.String redirectUri -> v
    java.lang.String clientId -> w
    java.lang.String clientSecret -> x
    36:38:void setMyContentView() -> a
    42:73:void onClick(android.view.View) -> onClick
    76:78:void closeSinaWeibo() -> i
    81:87:void openSinaWeibo() -> j
    89:91:void closeTencentWeibo() -> k
    94:103:void openTencentWeibo() -> l
    106:110:void setListeners() -> b
    115:135:void init() -> c
    138:156:void onActivityResult(int,int,android.content.Intent) -> onActivityResult
    162:166:void goAuthoActivity() -> d
    174:181:void onResultForAuthActivity(int) -> f
    187:198:boolean isWeiboOk() -> e
com.fada.sellsteward.BaseActivity -> com.fada.sellsteward.BaseActivity:
    android.app.AlertDialog dialog -> a
    java.lang.String dateAndTime -> b
    com.fada.sellsteward.db.SellStewardDao dao -> c
    android.widget.TextView title -> d
    android.widget.TextView btnCentre -> e
    android.widget.TextView btnRight -> f
    android.widget.TextView btnBack -> g
    com.fada.sellsteward.myweibo.sina.util.MyWeiboManager mWeiboManager -> h
    android.widget.TextView tvTime -> i
    int START_YEAR -> j
    int END_YEAR -> k
    com.fada.sellsteward.utils.ThreadPoolManager threadPoolManager -> l
    android.app.ProgressDialog progressDialog -> m
    java.text.DecimalFormat decimal -> n
    android.widget.ListView lvCategory -> q
    java.util.List listCategory -> r
    android.content.SharedPreferences sp -> o
    android.content.SharedPreferences$Editor edit -> p
    80:82:void onResume() -> onResume
    85:87:void onPause() -> onPause
    156:158:void closeProgressDialog() -> f
    163:169:void showProgressDialog() -> g
    172:185:void onCreate(android.os.Bundle) -> onCreate
    void setMyContentView() -> a
    void setListeners() -> b
    void init() -> c
    213:365:void showDateTimePicker() -> h
    371:401:void showEditDialog(int) -> b
    408:487:void showCategoryDialog(int) -> c
    574:574:void getDialogData(int,java.lang.String[]) -> a
    580:613:void showConfirmDialog(java.lang.String,int) -> a
    618:618:void getConfirmDialogOk(int) -> a
com.fada.sellsteward.BaseActivity$1 -> com.fada.sellsteward.b:
    com.fada.sellsteward.BaseActivity this$0 -> a
    java.util.List val$list_big -> b
    com.fada.sellsteward.wheelview.WheelView val$wv_month -> c
    com.fada.sellsteward.wheelview.WheelView val$wv_day -> d
    java.util.List val$list_little -> e
    280:295:void onChanged(com.fada.sellsteward.wheelview.WheelView,int,int) -> a
com.fada.sellsteward.BaseActivity$13 -> com.fada.sellsteward.c:
    com.fada.sellsteward.BaseActivity this$0 -> a
    int val$flag -> b
    595:598:void onClick(android.view.View) -> onClick
com.fada.sellsteward.BaseActivity$14 -> com.fada.sellsteward.d:
    com.fada.sellsteward.BaseActivity this$0 -> a
    int val$flag -> b
    605:607:void onClick(android.view.View) -> onClick
...
com.umeng.analytics.a.h -> com.umeng.analytics.a.h:
    com.umeng.analytics.a.o a -> a
    25:26:void a(com.umeng.analytics.a.o) -> a
    29:30:void c(org.json.JSONObject) -> c
    33:37:void d(org.json.JSONObject) -> d
    41:45:boolean a() -> a
    49:59:void a(org.json.JSONObject) -> a
    63:65:void b(org.json.JSONObject) -> b
    68:76:org.json.JSONObject b() -> b
com.umeng.analytics.a.i -> com.umeng.analytics.a.i:
    java.util.ArrayList a -> a
    java.util.ArrayList b -> b
    java.util.ArrayList c -> c
    java.util.ArrayList d -> d
    java.util.ArrayList e -> e
    java.lang.String f -> f
    java.lang.String g -> g
    java.lang.String h -> h
    java.lang.String i -> i
    java.lang.String j -> j
    38:41:void a(com.umeng.analytics.a.h) -> a
    44:47:void a(com.umeng.analytics.a.m) -> a
    50:53:void a(com.umeng.analytics.a.d) -> a
    56:59:void a(com.umeng.analytics.a.e) -> a
    62:74:void a(java.lang.String,com.umeng.analytics.a.a) -> a
    77:80:void a(com.umeng.analytics.a.b) -> a
    83:94:void c(org.json.JSONObject) -> c
    97:108:void d(org.json.JSONObject) -> d
    111:122:void e(org.json.JSONObject) -> e
    125:136:void f(org.json.JSONObject) -> f
    139:150:void g(org.json.JSONObject) -> g
    154:167:void a(org.json.JSONObject) -> a
    170:195:org.json.JSONArray a(java.util.ArrayList) -> a
    202:213:void b(org.json.JSONObject) -> b
    219:239:boolean a() -> a
    243:250:void a(com.umeng.analytics.a.i) -> a
    257:287:void b(java.util.ArrayList) -> b
    290:301:int b() -> b
    305:312:void c() -> c
com.umeng.analytics.a.j -> com.umeng.analytics.a.j:
    com.umeng.analytics.a.g a -> a
    com.umeng.analytics.a.i b -> b
com.umeng.analytics.a.k -> com.umeng.analytics.a.k:
    java.lang.String a -> a
    int b -> b
com.umeng.analytics.a.l -> com.umeng.analytics.a.l:
    java.lang.String e -> e
    java.lang.String f -> f
    18:19:void a(java.lang.String) -> a
    23:27:boolean a() -> a
    31:35:void b(org.json.JSONObject) -> b
    38:41:void a(org.json.JSONObject) -> a
com.umeng.analytics.a.m -> com.umeng.analytics.a.m:
    com.umeng.analytics.a.o a -> a
    com.umeng.analytics.a.p b -> b
    long c -> c
    java.util.ArrayList d -> d
    java.lang.String k -> k
    java.lang.String l -> l
    java.lang.String m -> m
    47:77:com.umeng.analytics.a.m a(android.content.Context) -> a
    81:87:void a(android.content.SharedPreferences) -> a
    96:103:java.lang.String[] b(android.content.SharedPreferences) -> b
    108:125:java.util.ArrayList c(android.content.SharedPreferences) -> c
    129:129:long d(android.content.SharedPreferences) -> d
    134:154:android.content.SharedPreferences$Editor a(android.content.SharedPreferences,java.lang.String,long,long) -> a
    158:187:android.content.SharedPreferences$Editor a(android.content.SharedPreferences,java.util.ArrayList,long,long) -> a
    191:209:boolean a() -> a
    213:214:void c(org.json.JSONObject) -> c
    217:218:void d(org.json.JSONObject) -> d
    221:226:void e(org.json.JSONObject) -> e
    229:234:void f(org.json.JSONObject) -> f
    237:248:void g(org.json.JSONObject) -> g
    251:266:void h(org.json.JSONObject) -> h
    273:283:void a(org.json.JSONObject) -> a
    288:298:void b(org.json.JSONObject) -> b
com.umeng.analytics.a.n -> com.umeng.analytics.a.n:
    java.lang.String g -> g
    java.lang.String h -> h
    java.lang.String i -> i
    java.lang.String j -> j
    28:33:boolean a() -> a
    39:41:void b(org.json.JSONObject) -> b
    45:47:void a(org.json.JSONObject) -> a