proguard/usage.txt
com.fada.sellsteward.AboutActivity:
    107:163:public void testAdd()
com.fada.sellsteward.BaseActivity:
    public android.widget.Button btn
    protected com.fada.sellsteward.BaseActivity$MyHandler handler
    private java.util.List listGrade
    private android.widget.ListView lvGrade
    120:125:protected void getDataFromServer(com.fada.sellsteward.utils.RequestVo,com.fada.sellsteward.BaseActivity$DataCallback)
    493:568:public void showGradeDialog(int)
    641:670:private boolean getNetWorkStatus()
    639:639:static synthetic boolean access$0(com.fada.sellsteward.BaseActivity)
    205:205:static synthetic java.util.List access$2(com.fada.sellsteward.BaseActivity)
com.fada.sellsteward.BaseActivity$10
com.fada.sellsteward.BaseActivity$11
com.fada.sellsteward.BaseActivity$11$ViewHolder
com.fada.sellsteward.BaseActivity$12
com.fada.sellsteward.BaseActivity$15
com.fada.sellsteward.BaseActivity$16
com.fada.sellsteward.BaseActivity$BaseTask
com.fada.sellsteward.BaseActivity$DataCallback
com.fada.sellsteward.BaseActivity$MyHandler
com.fada.sellsteward.BuildConfig
com.fada.sellsteward.R:
    10:10:public R()
com.fada.sellsteward.Text
com.fada.sellsteward.db.DBhelper:
    private static final java.lang.String NAME
com.fada.sellsteward.db.MyContentProvider:
    private static final java.lang.String authority
    private static final int CATEGORYS
    private static final int WARES
    private static final int INWARES
    private static final int SELLWARES
    private static final int CUSTOMER
    private static final int IMAGES
    private static final int GRADE
com.fada.sellsteward.db.SellStewardDao:
    public abstract java.util.List querySellWaresByCustomerName(java.lang.String)
    public abstract java.util.List querySellWaresByCustomerPhone(java.lang.String)
    public abstract java.util.List querySellWaresByCustomerId(int)
    public abstract com.fada.sellsteward.domain.Customer queryCustomerById(int)
    public abstract com.fada.sellsteward.domain.Customer queryCustomerByName(java.lang.String)
    public abstract com.fada.sellsteward.domain.Customer queryCustomerByComments(java.lang.String)
    public abstract boolean updateCustomer(com.fada.sellsteward.domain.Customer)
    public abstract java.util.List queryWaresByCategoryId(int)
    public abstract com.fada.sellsteward.domain.Wares queryWaresByImagePath(java.lang.String)
    public abstract com.fada.sellsteward.domain.Wares queryWaresById(int)
    public abstract com.fada.sellsteward.domain.Category queryCategoryById(int)
    public abstract com.fada.sellsteward.domain.InWares queryInWaresByInTime(long)
    public abstract com.fada.sellsteward.domain.InWares queryInWaresByPrice(java.lang.Float)
    public abstract java.util.List queryInWaresByWaresId(int)
    public abstract java.util.List queryInWaresByName(java.lang.String)
    public abstract java.util.List queryInWaresByCategoryName(java.lang.String)
    public abstract com.fada.sellsteward.domain.SellWares querySellWaresById(int)
    public abstract com.fada.sellsteward.domain.SellWares querySellWaresByOutTime(long)
...
com.baidu.oauth2.HttpClientFactory$IdleConnectionMonitorThread
com.baidu.oauth2.HttpClientFactory$MySSLSocketFactory
com.baidu.oauth2.HttpClientFactory$MySSLSocketFactory$1
com.baidu.pcs.BaiduPCSAPI:
    16:16:public com.baidu.pcs.PCSActionInfo$PCSQuotaResponse quota()
    24:28:public com.baidu.pcs.PCSActionInfo$PCSQuotaResponse quota(java.lang.String)
    44:47:public com.baidu.pcs.PCSActionInfo$PCSSimplefiedResponse deleteFile(java.lang.String)
    63:63:public com.baidu.pcs.PCSActionInfo$PCSSimplefiedResponse downFile(java.lang.String,java.lang.String)
    78:80:public com.baidu.pcs.PCSActionInfo$PCSFileInfoResponse makeDir(java.lang.String)
    87:89:public com.baidu.pcs.PCSActionInfo$PCSFileInfoResponse meta(java.lang.String)
    98:100:public com.baidu.pcs.PCSActionInfo$PCSListInfoResponse list(java.lang.String,java.lang.String,java.lang.String)
    108:115:public com.baidu.pcs.PCSActionInfo$PCSFileFromToResponse move(java.lang.String,java.lang.String)
    122:124:public com.baidu.pcs.PCSActionInfo$PCSFileFromToResponse move(java.util.List)
    132:139:public com.baidu.pcs.PCSActionInfo$PCSFileFromToResponse copy(java.lang.String,java.lang.String)
    146:148:public com.baidu.pcs.PCSActionInfo$PCSFileFromToResponse copy(java.util.List)
    155:157:public com.baidu.pcs.PCSActionInfo$PCSListInfoResponse search(java.lang.String,java.lang.String,boolean)
    163:165:public com.baidu.pcs.PCSActionInfo$PCSListInfoResponse streamlist(java.lang.String,java.lang.String,java.lang.String)
    178:178:public java.lang.String accessToken()
com.baidu.pcs.BaiduPCSActionBase:
    static final java.lang.String PCSRequestUrl
    static final java.lang.String Key_Method
    static final java.lang.String Key_AccessToken
    static final java.lang.String Key_ErrorCode
    static final java.lang.String Key_ErrorMessage
    static final java.lang.String Key_Path
    static final java.lang.String Key_Param
    static final java.lang.String mbCommand
    static final java.lang.String sbCommand
    static final java.lang.String Key_MD5
    static final java.lang.String Key_BlockList
    static final java.lang.String Key_From
    static final java.lang.String Key_to
    static final int Max_Retries
    static final java.lang.String Key_Files_List
    private static final java.lang.String Key_FSID
    private static final java.lang.String Key_Size
    private static final java.lang.String Key_CTime
    private static final java.lang.String Key_MTime
    private static final java.lang.String Key_IsDir
    private static final java.lang.String Key_Extra
    private static final java.lang.String Key_HasSubFolder
    261:329:protected com.baidu.pcs.PCSActionInfo$PCSFileFromToResponse parseFileFromToExtraInfo(org.apache.http.HttpResponse)
    336:378:protected com.baidu.pcs.PCSActionInfo$PCSListInfoResponse parseListResponse(org.apache.http.HttpResponse)
    385:405:protected java.util.List buildBodyParamsWithFromTo(java.util.List)
com.baidu.pcs.BaiduPCSCopy
com.baidu.pcs.BaiduPCSDeleter:
    private static final java.lang.String Value_Method
    private static final java.lang.String Key_Files_Path
    24:26:public com.baidu.pcs.PCSActionInfo$PCSSimplefiedResponse deleteFile(java.lang.String)
com.baidu.pcs.BaiduPCSDownloader:
    private static final java.lang.String AccessReadWrite
    private static final java.lang.String ContentLength
    private static final int MaxPieceSize
    private static final java.lang.String Value_Method
com.baidu.pcs.BaiduPCSFolderMaker
com.baidu.pcs.BaiduPCSFromToAction
com.baidu.pcs.BaiduPCSList
com.baidu.pcs.BaiduPCSListStream
com.baidu.pcs.BaiduPCSMeta
com.baidu.pcs.BaiduPCSMove
com.baidu.pcs.BaiduPCSQuotaInfo
com.baidu.pcs.BaiduPCSSearch